<?xml version="1.0" encoding="UTF-8"?>
<!-- Generated by org.testng.reporters.JUnitXMLReporter -->
<testsuite ignored="0" hostname="LAPTOP-8UKHKL7O" failures="0" tests="3" name="Default test" time="9.421" errors="0" timestamp="2024-11-26T23:35:13 IST">
  <testcase classname="fitpeotest.FitpeoTest" name="adjustSliderTest" time="1.664"/>
  <testcase classname="fitpeotest.FitpeoTest" name="updateTextFieldTest" time="0.498"/>
  <testcase classname="fitpeotest.FitpeoTest" name="selectCPTCodeTest" time="1.717"/>
</testsuite> <!-- Default test -->
