<?xml version="1.0" encoding="UTF-8"?>
<!-- Generated by org.testng.reporters.JUnitXMLReporter -->
<testsuite ignored="0" hostname="LAPTOP-8UKHKL7O" failures="0" tests="3" name="Test" time="10.979" errors="0" timestamp="2024-11-26T23:39:51 IST">
  <testcase classname="fitpeotest.FitpeoTest" name="adjustSliderTest" time="1.818"/>
  <testcase classname="fitpeotest.FitpeoTest" name="updateTextFieldTest" time="0.294"/>
  <testcase classname="fitpeotest.FitpeoTest" name="selectCPTCodeTest" time="2.856"/>
</testsuite> <!-- Test -->
