<?xml version="1.0" encoding="UTF-8"?>
<!-- Generated by org.testng.reporters.JUnitXMLReporter -->
<testsuite ignored="0" hostname="LAPTOP-8UKHKL7O" failures="0" tests="3" name="Test" time="6.303" errors="0" timestamp="2024-11-27T10:15:25 IST">
  <testcase classname="fitpeotest.FitpeoTest" name="adjustSliderTest" time="1.582"/>
  <testcase classname="fitpeotest.FitpeoTest" name="updateTextFieldTest" time="0.202"/>
  <testcase classname="fitpeotest.FitpeoTest" name="selectCPTCodeTest" time="0.756"/>
</testsuite> <!-- Test -->
