<?xml version="1.0" encoding="UTF-8"?>
<testng-results ignored="0" total="3" passed="3" failed="0" skipped="0">
  <reporter-output>
  </reporter-output>
  <suite started-at="2024-11-27T10:15:19 IST" name="Suite" finished-at="2024-11-27T10:15:25 IST" duration-ms="6303">
    <groups>
    </groups>
    <test started-at="2024-11-27T10:15:19 IST" name="Test" finished-at="2024-11-27T10:15:25 IST" duration-ms="6303">
      <class name="fitpeotest.FitpeoTest">
        <test-method is-config="true" signature="setUp()[pri:0, instance:fitpeotest.FitpeoTest@1aa7ecca]" started-at="2024-11-27T10:15:19 IST" name="setUp" finished-at="2024-11-27T10:15:22 IST" duration-ms="3583" status="PASS">
          <reporter-output>
          </reporter-output>
        </test-method> <!-- setUp -->
        <test-method signature="adjustSliderTest()[pri:1, instance:fitpeotest.FitpeoTest@1aa7ecca]" started-at="2024-11-27T10:15:22 IST" name="adjustSliderTest" finished-at="2024-11-27T10:15:24 IST" duration-ms="1582" status="PASS">
          <reporter-output>
          </reporter-output>
        </test-method> <!-- adjustSliderTest -->
        <test-method signature="updateTextFieldTest()[pri:2, instance:fitpeotest.FitpeoTest@1aa7ecca]" started-at="2024-11-27T10:15:24 IST" name="updateTextFieldTest" finished-at="2024-11-27T10:15:24 IST" duration-ms="202" status="PASS">
          <reporter-output>
          </reporter-output>
        </test-method> <!-- updateTextFieldTest -->
        <test-method signature="selectCPTCodeTest()[pri:3, instance:fitpeotest.FitpeoTest@1aa7ecca]" started-at="2024-11-27T10:15:24 IST" name="selectCPTCodeTest" finished-at="2024-11-27T10:15:25 IST" duration-ms="756" status="PASS">
          <reporter-output>
          </reporter-output>
        </test-method> <!-- selectCPTCodeTest -->
        <test-method is-config="true" signature="tearDown()[pri:0, instance:fitpeotest.FitpeoTest@1aa7ecca]" started-at="2024-11-27T10:15:25 IST" name="tearDown" finished-at="2024-11-27T10:15:25 IST" duration-ms="153" status="PASS">
          <reporter-output>
          </reporter-output>
        </test-method> <!-- tearDown -->
      </class> <!-- fitpeotest.FitpeoTest -->
    </test> <!-- Test -->
  </suite> <!-- Suite -->
</testng-results>
