<?xml version="1.0" encoding="UTF-8"?>
<testng-results ignored="0" total="3" passed="3" failed="0" skipped="0">
  <reporter-output>
  </reporter-output>
  <suite started-at="2024-11-26T23:51:37 IST" name="Suite" finished-at="2024-11-26T23:51:53 IST" duration-ms="16480">
    <groups>
    </groups>
    <test started-at="2024-11-26T23:51:37 IST" name="Test" finished-at="2024-11-26T23:51:53 IST" duration-ms="16480">
      <class name="fitpeotest.FitpeoTest">
        <test-method is-config="true" signature="setUp()[pri:0, instance:fitpeotest.FitpeoTest@1aa7ecca]" started-at="2024-11-26T23:51:37 IST" name="setUp" finished-at="2024-11-26T23:51:44 IST" duration-ms="6821" status="PASS">
          <reporter-output>
          </reporter-output>
        </test-method> <!-- setUp -->
        <test-method signature="adjustSliderTest()[pri:1, instance:fitpeotest.FitpeoTest@1aa7ecca]" started-at="2024-11-26T23:51:44 IST" name="adjustSliderTest" finished-at="2024-11-26T23:51:50 IST" duration-ms="6548" status="PASS">
          <reporter-output>
          </reporter-output>
        </test-method> <!-- adjustSliderTest -->
        <test-method signature="updateTextFieldTest()[pri:2, instance:fitpeotest.FitpeoTest@1aa7ecca]" started-at="2024-11-26T23:51:50 IST" name="updateTextFieldTest" finished-at="2024-11-26T23:51:51 IST" duration-ms="566" status="PASS">
          <reporter-output>
          </reporter-output>
        </test-method> <!-- updateTextFieldTest -->
        <test-method signature="selectCPTCodeTest()[pri:3, instance:fitpeotest.FitpeoTest@1aa7ecca]" started-at="2024-11-26T23:51:51 IST" name="selectCPTCodeTest" finished-at="2024-11-26T23:51:53 IST" duration-ms="2235" status="PASS">
          <reporter-output>
          </reporter-output>
        </test-method> <!-- selectCPTCodeTest -->
        <test-method is-config="true" signature="tearDown()[pri:0, instance:fitpeotest.FitpeoTest@1aa7ecca]" started-at="2024-11-26T23:51:53 IST" name="tearDown" finished-at="2024-11-26T23:51:53 IST" duration-ms="273" status="PASS">
          <reporter-output>
          </reporter-output>
        </test-method> <!-- tearDown -->
      </class> <!-- fitpeotest.FitpeoTest -->
    </test> <!-- Test -->
  </suite> <!-- Suite -->
</testng-results>
