<?xml version="1.0" encoding="UTF-8"?>
<testsuite xmlns:xsi="http://www.w3.org/2001/XMLSchema-instance" xsi:noNamespaceSchemaLocation="https://maven.apache.org/surefire/maven-surefire-plugin/xsd/surefire-test-report.xsd" version="3.0.1" name="TestSuite" time="16.928" tests="3" errors="0" skipped="0" failures="0">
  <properties>
[...]
</properties>
  <testcase name="adjustSliderTest" classname="fitpeotest.FitpeoTest" time="6.548">
    <system-err><![CDATA[Nov 26, 2024 11:51:39 PM org.openqa.selenium.devtools.CdpVersionFinder findNearestMatch
WARNING: Unable to find an exact match for CDP version 131, returning the closest version; found: 127; Please update to a Selenium version that supports CDP version 131
]]></system-err>
  </testcase>
  <testcase name="updateTextFieldTest" classname="fitpeotest.FitpeoTest" time="0.564"/>
  <testcase name="selectCPTCodeTest" classname="fitpeotest.FitpeoTest" time="2.236"/>
</testsuite>