<?xml version="1.0" encoding="UTF-8"?>
<testng-results ignored="0" total="3" passed="3" failed="0" skipped="0">
  <reporter-output>
  </reporter-output>
  <suite started-at="2024-11-27T10:14:48 IST" name="Default suite" finished-at="2024-11-27T10:14:54 IST" duration-ms="6586">
    <groups>
    </groups>
    <test started-at="2024-11-27T10:14:48 IST" name="Default test" finished-at="2024-11-27T10:14:54 IST" duration-ms="6586">
      <class name="fitpeotest.FitpeoTest">
        <test-method is-config="true" signature="setUp()[pri:0, instance:fitpeotest.FitpeoTest@1f2586d6]" started-at="2024-11-27T10:14:48 IST" name="setUp" finished-at="2024-11-27T10:14:52 IST" duration-ms="3906" status="PASS">
          <reporter-output>
          </reporter-output>
        </test-method> <!-- setUp -->
        <test-method signature="adjustSliderTest()[pri:1, instance:fitpeotest.FitpeoTest@1f2586d6]" started-at="2024-11-27T10:14:52 IST" name="adjustSliderTest" finished-at="2024-11-27T10:14:53 IST" duration-ms="1628" status="PASS">
          <reporter-output>
          </reporter-output>
        </test-method> <!-- adjustSliderTest -->
        <test-method signature="updateTextFieldTest()[pri:2, instance:fitpeotest.FitpeoTest@1f2586d6]" started-at="2024-11-27T10:14:53 IST" name="updateTextFieldTest" finished-at="2024-11-27T10:14:54 IST" duration-ms="185" status="PASS">
          <reporter-output>
          </reporter-output>
        </test-method> <!-- updateTextFieldTest -->
        <test-method signature="selectCPTCodeTest()[pri:3, instance:fitpeotest.FitpeoTest@1f2586d6]" started-at="2024-11-27T10:14:54 IST" name="selectCPTCodeTest" finished-at="2024-11-27T10:14:54 IST" duration-ms="688" status="PASS">
          <reporter-output>
          </reporter-output>
        </test-method> <!-- selectCPTCodeTest -->
        <test-method is-config="true" signature="tearDown()[pri:0, instance:fitpeotest.FitpeoTest@1f2586d6]" started-at="2024-11-27T10:14:54 IST" name="tearDown" finished-at="2024-11-27T10:14:54 IST" duration-ms="151" status="PASS">
          <reporter-output>
          </reporter-output>
        </test-method> <!-- tearDown -->
      </class> <!-- fitpeotest.FitpeoTest -->
    </test> <!-- Default test -->
  </suite> <!-- Default suite -->
</testng-results>
