<?xml version="1.0" encoding="UTF-8"?>
<testng-results ignored="0" total="3" passed="3" failed="0" skipped="0">
  <reporter-output>
  </reporter-output>
  <suite started-at="2024-11-26T23:39:40 IST" name="Suite" finished-at="2024-11-26T23:39:51 IST" duration-ms="10979">
    <groups>
    </groups>
    <test started-at="2024-11-26T23:39:40 IST" name="Test" finished-at="2024-11-26T23:39:51 IST" duration-ms="10979">
      <class name="fitpeotest.FitpeoTest">
        <test-method is-config="true" signature="setUp()[pri:0, instance:fitpeotest.FitpeoTest@799f10e1]" started-at="2024-11-26T23:39:40 IST" name="setUp" finished-at="2024-11-26T23:39:45 IST" duration-ms="5078" status="PASS">
          <reporter-output>
          </reporter-output>
        </test-method> <!-- setUp -->
        <test-method signature="adjustSliderTest()[pri:1, instance:fitpeotest.FitpeoTest@799f10e1]" started-at="2024-11-26T23:39:45 IST" name="adjustSliderTest" finished-at="2024-11-26T23:39:47 IST" duration-ms="1818" status="PASS">
          <reporter-output>
          </reporter-output>
        </test-method> <!-- adjustSliderTest -->
        <test-method signature="updateTextFieldTest()[pri:2, instance:fitpeotest.FitpeoTest@799f10e1]" started-at="2024-11-26T23:39:47 IST" name="updateTextFieldTest" finished-at="2024-11-26T23:39:48 IST" duration-ms="294" status="PASS">
          <reporter-output>
          </reporter-output>
        </test-method> <!-- updateTextFieldTest -->
        <test-method signature="selectCPTCodeTest()[pri:3, instance:fitpeotest.FitpeoTest@799f10e1]" started-at="2024-11-26T23:39:48 IST" name="selectCPTCodeTest" finished-at="2024-11-26T23:39:50 IST" duration-ms="2856" status="PASS">
          <reporter-output>
          </reporter-output>
        </test-method> <!-- selectCPTCodeTest -->
        <test-method is-config="true" signature="tearDown()[pri:0, instance:fitpeotest.FitpeoTest@799f10e1]" started-at="2024-11-26T23:39:50 IST" name="tearDown" finished-at="2024-11-26T23:39:51 IST" duration-ms="890" status="PASS">
          <reporter-output>
          </reporter-output>
        </test-method> <!-- tearDown -->
      </class> <!-- fitpeotest.FitpeoTest -->
    </test> <!-- Test -->
  </suite> <!-- Suite -->
</testng-results>
